<?xml version="1.0" encoding="UTF-8"?>
<testsuite xmlns:xsi="http://www.w3.org/2001/XMLSchema-instance" xsi:noNamespaceSchemaLocation="https://maven.apache.org/surefire/maven-surefire-plugin/xsd/surefire-test-report-3.0.xsd" version="3.0" name="apitest.APITest" time="6.4" tests="5" errors="0" skipped="0" failures="0">
  <properties>
[...]
</properties>
  <testcase name="getAllBooks" classname="apitest.APITest" time="0.395">
    <system-out><![CDATA[Nada20250508171640401
{
  "clientName": "Nada20250508171640401",
  "clientEmail": "Nada20250508171640401@example.com"
}
HTTP/1.1 201 Created
Connection: keep-alive
Content-Length: 82
x-powered-by: Express
content-type: application/json; charset=utf-8
etag: W/"52-Ax7Nd79m9tL7cn6U00U7NW/daHk"
Accept-Ranges: bytes
Date: Thu, 08 May 2025 14:16:42 GMT
Via: 1.1 varnish
X-Served-By: cache-fra-eddf8230157-FRA, cache-fra-eddf8230157-FRA
X-Cache: MISS, MISS
X-Cache-Hits: 0, 0
X-Timer: S1746713802.337612,VS0,VE389

{
    "accessToken": "7b1180c51b35f112cf8e9a37e309c530dd1abe7403a27f6c7381fa2644c9903f"
}
Access token received: 7b1180c51b35f112cf8e9a37e309c530dd1abe7403a27f6c7381fa2644c9903f
Response: [{"id":1,"name":"The Russian","type":"fiction","available":true},{"id":2,"name":"Just as I Am","type":"non-fiction","available":false},{"id":3,"name":"The Vanishing Half","type":"fiction","available":true},{"id":4,"name":"The Midnight Library","type":"fiction","available":true},{"id":5,"name":"Untamed","type":"non-fiction","available":true},{"id":6,"name":"Viscount Who Loved Me","type":"fiction","available":true}]
]]></system-out>
  </testcase>
  <testcase name="postOrder" classname="apitest.APITest" time="0.678"/>
  <testcase name="getAllOrders" classname="apitest.APITest" time="0.564">
    <system-out><![CDATA[getallresponse[{"id":"0ahRcsHZQgCJYUJurIpCC","bookId":1,"customerName":"John Doe","createdBy":"04ed53ed151940c2f239189c14b480b8661fba57a11a4787283ca904ef2671a2","quantity":1,"timestamp":1746713803953}]
]]></system-out>
  </testcase>
  <testcase name="patchOrder" classname="apitest.APITest" time="0.803">
    <system-out><![CDATA[204
]]></system-out>
  </testcase>
  <testcase name="deleteOrder" classname="apitest.APITest" time="1.566"/>
</testsuite>